components/three-viewer.tsx(68,11): error TS2740: Type 'Float32Array' is missing the following properties from type 'number[]': pop, push, concat, shift, and 5 more.
components/three-viewer.tsx(70,61): error TS18048: 'mesh.morphTargetInfluences' is possibly 'undefined'.
exit_code=2
